\BOOKMARK [0][]{chapter*.1}{Muc luc}{}% 1
\BOOKMARK [0][]{chapter*.2}{Danh s\341ch h\354nh ve}{}% 2
\BOOKMARK [0][]{chapter*.3}{Danh s\341ch bang}{}% 3
\BOOKMARK [0][]{chapter*.3}{Danh muc k\375 hiu v\340 t vit tt}{}% 4
\BOOKMARK [0][]{chapter.1}{1 Tng quan v mang tng t\341c v\340 b\340i to\341n ph\341t hin cng ng}{}% 5
\BOOKMARK [1][]{section.1.1}{1.1 Tng quan v mang tng t\341c}{chapter.1}% 6
\BOOKMARK [1][]{section.1.2}{1.2 B\340i to\341n ph\341t hin cng ng}{chapter.1}% 7
\BOOKMARK [1][]{section.1.3}{1.3 Mt s nghi\352n cu}{chapter.1}% 8
\BOOKMARK [2][]{subsection.1.3.1}{1.3.1 Phng ph\341p Girvan-Newman}{section.1.3}% 9
\BOOKMARK [2][]{subsection.1.3.2}{1.3.2 Phng ph\341p CONGA}{section.1.3}% 10
\BOOKMARK [2][]{subsection.1.3.3}{1.3.3 Affiliation Graph Model \(AGM\)}{section.1.3}% 11
\BOOKMARK [2][]{subsection.1.3.4}{1.3.4 Non-negative Matrix Factorization}{section.1.3}% 12
\BOOKMARK [0][]{chapter.2}{2 C s l\375 thuyt}{}% 13
\BOOKMARK [1][]{section.2.1}{2.1 Vector v\340 matrix}{chapter.2}% 14
\BOOKMARK [1][]{section.2.2}{2.2 L\375 thuyt \040thi}{chapter.2}% 15
\BOOKMARK [1][]{section.2.3}{2.3 Mt s phng ph\341p c lng v\340 ti u tham s}{chapter.2}% 16
\BOOKMARK [2][]{subsection.2.3.1}{2.3.1 c lng bng cc ai kha d\232}{section.2.3}% 17
\BOOKMARK [2][]{subsection.2.3.2}{2.3.2 C\341c phng ph\341p ti u h\340m li}{section.2.3}% 18
\BOOKMARK [0][]{chapter.3}{3 Phng ph\341p ph\341t hin cng ng da tr\352n m\364 h\354nh BigCLAM}{}% 19
\BOOKMARK [1][]{section.3.1}{3.1 M\364 h\354nh BigCLAM}{chapter.3}% 20
\BOOKMARK [1][]{section.3.2}{3.2 Ph\341t hin cng ng s dung m\364 h\354nh BigCLAM}{chapter.3}% 21
\BOOKMARK [2][]{subsection.3.2.1}{3.2.1 Cc ai h\340m kha d\232 ma trn trong s li\352n kt cua \040thi}{section.3.2}% 22
\BOOKMARK [2][]{subsection.3.2.2}{3.2.2 Khi tao tao ma trn trong s li\352n kt cng ng}{section.3.2}% 23
\BOOKMARK [2][]{subsection.3.2.3}{3.2.3 X\341c inh c\341c li\352n kt cng ng}{section.3.2}% 24
\BOOKMARK [2][]{subsection.3.2.4}{3.2.4 X\341c inh s cng ng}{section.3.2}% 25
\BOOKMARK [1][]{section.3.3}{3.3 \320\341nh gi\341 hiu nang}{chapter.3}% 26
\BOOKMARK [0][]{chapter.4}{4 C\340i t phng ph\341p ph\341t hin cng ng s dung m\364 h\354nh BigCLAM tr\352n h thng ph\342n t\341n}{}% 27
\BOOKMARK [1][]{section.4.1}{4.1 Tng quan h t\355nh to\341n ph\342n t\341n}{chapter.4}% 28
\BOOKMARK [2][]{subsection.4.1.1}{4.1.1 Gii thiu Apache Hadoop \046 Spark}{section.4.1}% 29
\BOOKMARK [2][]{subsection.4.1.2}{4.1.2 T\355nh to\341n song song v\340 ph\342n t\341n vi RDD}{section.4.1}% 30
\BOOKMARK [1][]{section.4.2}{4.2 Thc nghim}{chapter.4}% 31
\BOOKMARK [0][]{chapter.5}{5 Kt lun v\340 hng ph\341t trin}{}% 32
\BOOKMARK [1][]{section.5.1}{5.1 Kt lun}{chapter.5}% 33
\BOOKMARK [1][]{section.5.2}{5.2 Hng ph\341t trin}{chapter.5}% 34
\BOOKMARK [0][]{chapter*.30}{T\340i liu tham khao}{}% 35
\BOOKMARK [0][]{appendix*.31}{Phu luc A: C\340i t v\340 trin khai ng dung tr\352n Apache Hadoop \046 Spark}{}% 36
\BOOKMARK [1][]{section.Alph0.1}{A.1 C\340i t}{appendix*.31}% 37
\BOOKMARK [2][]{subsection.Alph0.1.1}{A.1.1 Apache Hadoop \046 Spark}{section.Alph0.1}% 38
\BOOKMARK [2][]{subsection.Alph0.1.2}{A.1.2 Cu h\354nh Hadoop}{section.Alph0.1}% 39
\BOOKMARK [2][]{subsection.Alph0.1.3}{A.1.3 Cu h\354nh Spark}{section.Alph0.1}% 40
\BOOKMARK [1][]{section.Alph0.2}{A.2 Tp lnh}{appendix*.31}% 41
\BOOKMARK [2][]{subsection.Alph0.2.1}{A.2.1 Danh s\341ch tp lnh l\340m vic tr\352n Hadoop}{section.Alph0.2}% 42
\BOOKMARK [2][]{subsection.Alph0.2.2}{A.2.2 Danh s\341ch tp lnh l\340m vic tr\352n Spark}{section.Alph0.2}% 43
